<?xml version="1.0" encoding="UTF-8"?>
<!-- Generated by org.testng.reporters.JUnitXMLReporter -->
<testsuite hostname="DESKTOP-G2FMAHC" ignored="1" name="IPSTest" tests="12" failures="0" timestamp="21 三月 2018 07:19:25 GMT" time="3.93" errors="0">
  <testcase name="loginTest" time="0.326" classname="com.yzt.testcase.IPSTest"/>
  <testcase name="findTaskInstallTest" time="0.089" classname="com.yzt.testcase.IPSTest"/>
  <testcase name="findMetaTest" time="0.086" classname="com.yzt.testcase.IPSTest"/>
  <testcase name="trunkEndTest" time="0.059" classname="com.yzt.testcase.IPSTest"/>
  <testcase name="findTaskFeeTest" time="0.043" classname="com.yzt.testcase.IPSTest"/>
  <testcase name="saveTaskTraceTest" time="0.053" classname="com.yzt.testcase.IPSTest"/>
  <testcase name="queryUserJztTest" time="1.972" classname="com.yzt.testcase.IPSTest"/>
  <testcase name="batDisWorkerTest" time="0.057" classname="com.yzt.testcase.IPSTest"/>
  <testcase name="appointmentTest" time="0.055" classname="com.yzt.testcase.IPSTest"/>
  <testcase name="pickUpTest" time="0.06" classname="com.yzt.testcase.IPSTest"/>
  <testcase name="uploadToSignTest" time="0.233" classname="com.yzt.testcase.IPSTest"/>
  <testcase name="signTest" time="0.103" classname="com.yzt.testcase.IPSTest"/>
  <testcase name="taskCountTest" time="0.0" classname="com.yzt.testcase.IPSTest">
    <ignored/>
  </testcase> <!-- taskCountTest -->
</testsuite> <!-- IPSTest -->
