<?xml version="1.0" encoding="UTF-8"?>
<!-- Generated by org.testng.reporters.JUnitXMLReporter -->
<testsuite hostname="DESKTOP-G2FMAHC" ignored="0" name="SCM2.0" tests="13" failures="0" timestamp="10 四月 2018 09:42:24 GMT" time="11.612" errors="0">
  <testcase name="loginTest" time="0.248" classname="com.yzt.testcase.IPSTest"/>
  <testcase name="findTaskInstallTest" time="0.061" classname="com.yzt.testcase.IPSTest"/>
  <testcase name="taskCountTest" time="7.58" classname="com.yzt.testcase.IPSTest"/>
  <testcase name="findMetaTest" time="0.051" classname="com.yzt.testcase.IPSTest"/>
  <testcase name="findTaskFeeTest" time="0.045" classname="com.yzt.testcase.IPSTest"/>
  <testcase name="trunkEndTest" time="0.063" classname="com.yzt.testcase.IPSTest"/>
  <testcase name="queryUserJztTest" time="0.797" classname="com.yzt.testcase.IPSTest"/>
  <testcase name="saveTaskTraceTest" time="0.055" classname="com.yzt.testcase.IPSTest"/>
  <testcase name="batDisWorkerTest" time="0.063" classname="com.yzt.testcase.IPSTest"/>
  <testcase name="appointmentTest" time="0.062" classname="com.yzt.testcase.IPSTest"/>
  <testcase name="pickUpTest" time="0.047" classname="com.yzt.testcase.IPSTest"/>
  <testcase name="uploadToSignTest" time="0.154" classname="com.yzt.testcase.IPSTest"/>
  <testcase name="signTest" time="0.057" classname="com.yzt.testcase.IPSTest"/>
</testsuite> <!-- SCM2.0 -->
