<?xml version="1.0" encoding="UTF-8"?>
<!-- Generated by org.testng.reporters.JUnitXMLReporter -->
<testsuite hostname="DESKTOP-G2FMAHC" ignored="10" name="Default test" tests="3" failures="0" timestamp="16 三月 2018 03:54:58 GMT" time="0.97" errors="0">
  <testcase name="loginTest" time="0.309" classname="com.yzt.testcase.IPSTest"/>
  <testcase name="findTaskInstallTest" time="0.077" classname="com.yzt.testcase.IPSTest"/>
  <testcase name="findMetaTest" time="0.043" classname="com.yzt.testcase.IPSTest"/>
  <testcase name="findTaskFeeTest" time="0.0" classname="com.yzt.testcase.IPSTest">
    <ignored/>
  </testcase> <!-- findTaskFeeTest -->
  <testcase name="pickUpTest" time="0.0" classname="com.yzt.testcase.IPSTest">
    <ignored/>
  </testcase> <!-- pickUpTest -->
  <testcase name="appointmentTest" time="0.0" classname="com.yzt.testcase.IPSTest">
    <ignored/>
  </testcase> <!-- appointmentTest -->
  <testcase name="taskCountTest" time="0.0" classname="com.yzt.testcase.IPSTest">
    <ignored/>
  </testcase> <!-- taskCountTest -->
  <testcase name="saveTaskTraceTest" time="0.0" classname="com.yzt.testcase.IPSTest">
    <ignored/>
  </testcase> <!-- saveTaskTraceTest -->
  <testcase name="trunkEndTest" time="0.0" classname="com.yzt.testcase.IPSTest">
    <ignored/>
  </testcase> <!-- trunkEndTest -->
  <testcase name="uploadToSignTest" time="0.0" classname="com.yzt.testcase.IPSTest">
    <ignored/>
  </testcase> <!-- uploadToSignTest -->
  <testcase name="queryUserJztTest" time="0.0" classname="com.yzt.testcase.IPSTest">
    <ignored/>
  </testcase> <!-- queryUserJztTest -->
  <testcase name="batDisWorkerTest" time="0.0" classname="com.yzt.testcase.IPSTest">
    <ignored/>
  </testcase> <!-- batDisWorkerTest -->
  <testcase name="signTest" time="0.0" classname="com.yzt.testcase.IPSTest">
    <ignored/>
  </testcase> <!-- signTest -->
</testsuite> <!-- Default test -->
