<?xml version="1.0" encoding="UTF-8"?>
<!-- Generated by org.testng.reporters.JUnitXMLReporter -->
<testsuite hostname="DESKTOP-G2FMAHC" ignored="4" name="Default test" tests="9" failures="0" timestamp="19 三月 2018 10:58:38 GMT" time="4.139" errors="0">
  <testcase name="loginTest" time="0.347" classname="com.yzt.testcase.IPSTest"/>
  <testcase name="findTaskInstallTest" time="0.082" classname="com.yzt.testcase.IPSTest"/>
  <testcase name="findTaskFeeTest" time="0.038" classname="com.yzt.testcase.IPSTest"/>
  <testcase name="queryUserJztTest" time="2.022" classname="com.yzt.testcase.IPSTest"/>
  <testcase name="batDisWorkerTest" time="0.056" classname="com.yzt.testcase.IPSTest"/>
  <testcase name="appointmentTest" time="0.554" classname="com.yzt.testcase.IPSTest"/>
  <testcase name="pickUpTest" time="0.047" classname="com.yzt.testcase.IPSTest"/>
  <testcase name="uploadToSignTest" time="0.199" classname="com.yzt.testcase.IPSTest"/>
  <testcase name="signTest" time="0.053" classname="com.yzt.testcase.IPSTest"/>
  <testcase name="findMetaTest" time="0.0" classname="com.yzt.testcase.IPSTest">
    <ignored/>
  </testcase> <!-- findMetaTest -->
  <testcase name="taskCountTest" time="0.0" classname="com.yzt.testcase.IPSTest">
    <ignored/>
  </testcase> <!-- taskCountTest -->
  <testcase name="saveTaskTraceTest" time="0.0" classname="com.yzt.testcase.IPSTest">
    <ignored/>
  </testcase> <!-- saveTaskTraceTest -->
  <testcase name="trunkEndTest" time="0.0" classname="com.yzt.testcase.IPSTest">
    <ignored/>
  </testcase> <!-- trunkEndTest -->
</testsuite> <!-- Default test -->
