<?xml version="1.0" encoding="UTF-8"?>
<!-- Generated by org.testng.reporters.JUnitXMLReporter -->
<testsuite hostname="DESKTOP-G2FMAHC" ignored="4" name="Command line test" tests="15" failures="0" timestamp="10 四月 2018 09:34:31 GMT" time="12.049" errors="0">
  <testcase name="loginTest" time="0.239" classname="com.yzt.testcase.IPSTest"/>
  <testcase name="findTaskInstallTest" time="0.061" classname="com.yzt.testcase.IPSTest"/>
  <testcase name="taskCountTest" time="7.855" classname="com.yzt.testcase.IPSTest"/>
  <testcase name="findMetaTest" time="0.053" classname="com.yzt.testcase.IPSTest"/>
  <testcase name="findTaskFeeTest" time="0.042" classname="com.yzt.testcase.IPSTest"/>
  <testcase name="trunkEndTest" time="0.061" classname="com.yzt.testcase.IPSTest"/>
  <testcase name="queryUserJztTest" time="0.808" classname="com.yzt.testcase.IPSTest"/>
  <testcase name="saveTaskTraceTest" time="0.047" classname="com.yzt.testcase.IPSTest"/>
  <testcase name="batDisWorkerTest" time="0.06" classname="com.yzt.testcase.IPSTest"/>
  <testcase name="appointmentTest" time="0.062" classname="com.yzt.testcase.IPSTest"/>
  <testcase name="pickUpTest" time="0.055" classname="com.yzt.testcase.IPSTest"/>
  <testcase name="uploadToSignTest" time="0.171" classname="com.yzt.testcase.IPSTest"/>
  <testcase name="signTest" time="0.058" classname="com.yzt.testcase.IPSTest"/>
  <testcase name="orderBindWaybillListPageTest" time="0.011" classname="com.yzt.testcase.order.OrderTest"/>
  <testcase name="queryOrderListPageTest" time="0.008" classname="com.yzt.testcase.order.OrderTest"/>
  <testcase name="queryOrderByIdTest" time="0.0" classname="com.yzt.testcase.order.OrderTest">
    <ignored/>
  </testcase> <!-- queryOrderByIdTest -->
  <testcase name="orderRefuseTest" time="0.0" classname="com.yzt.testcase.order.OrderTest">
    <ignored/>
  </testcase> <!-- orderRefuseTest -->
  <testcase name="queryWaybillByIdTest" time="0.0" classname="com.yzt.testcase.order.OrderTest">
    <ignored/>
  </testcase> <!-- queryWaybillByIdTest -->
  <testcase name="getOrderDetailsTest" time="0.0" classname="com.yzt.testcase.order.OrderTest">
    <ignored/>
  </testcase> <!-- getOrderDetailsTest -->
</testsuite> <!-- Command line test -->
