<?xml version="1.0" encoding="UTF-8"?>
<!-- Generated by org.testng.reporters.JUnitXMLReporter -->
<testsuite hostname="DESKTOP-G2FMAHC" ignored="4" name="Command line test" tests="15" failures="3"
           timestamp="14 四月 2018 07:09:33 GMT" time="2.93" errors="0">
    <testcase name="loginTest" time="0.326" classname="com.yzt.testcase.IPSTest">
        <failure type="exception.customsException" message="登录失败，请确认登录账户有效性！">
            <![CDATA[exception.customsException: 登录失败，请确认登录账户有效性！
at com.yzt.service.IPSService.login(IPSService.java:60)
at com.yzt.service.IPSService$$EnhancerByCGLIB$$e8497cd2.CGLIB$login$11(<generated>)
at com.yzt.service.IPSService$$EnhancerByCGLIB$$e8497cd2$$FastClassByCGLIB$$f6190cce.invoke(<generated>)
at net.sf.cglib.proxy.MethodProxy.invokeSuper(MethodProxy.java:228)
at com.test.framework.LogProxyFactory.intercept(LogProxyFactory.java:40)
at com.yzt.service.IPSService$$EnhancerByCGLIB$$e8497cd2.login(<generated>)
at com.yzt.testcase.IPSTest.loginTest(IPSTest.java:37)
... Removed 35 stack frames]]>
        </failure>
    </testcase> <!-- loginTest -->
    <testcase name="findTaskInstallTest" time="0.0" classname="com.yzt.testcase.IPSTest">
        <skipped/>
    </testcase> <!-- findTaskInstallTest -->
    <testcase name="taskCountTest" time="0.0" classname="com.yzt.testcase.IPSTest">
        <skipped/>
    </testcase> <!-- taskCountTest -->
    <testcase name="findMetaTest" time="0.0" classname="com.yzt.testcase.IPSTest">
        <skipped/>
    </testcase> <!-- findMetaTest -->
    <testcase name="findTaskFeeTest" time="0.0" classname="com.yzt.testcase.IPSTest">
        <skipped/>
    </testcase> <!-- findTaskFeeTest -->
    <testcase name="trunkEndTest" time="0.0" classname="com.yzt.testcase.IPSTest">
        <skipped/>
    </testcase> <!-- trunkEndTest -->
    <testcase name="queryUserJztTest" time="0.0" classname="com.yzt.testcase.IPSTest">
        <skipped/>
    </testcase> <!-- queryUserJztTest -->
    <testcase name="saveTaskTraceTest" time="0.0" classname="com.yzt.testcase.IPSTest">
        <skipped/>
    </testcase> <!-- saveTaskTraceTest -->
    <testcase name="batDisWorkerTest" time="0.0" classname="com.yzt.testcase.IPSTest">
        <skipped/>
    </testcase> <!-- batDisWorkerTest -->
    <testcase name="appointmentTest" time="0.0" classname="com.yzt.testcase.IPSTest">
        <skipped/>
    </testcase> <!-- appointmentTest -->
    <testcase name="pickUpTest" time="0.0" classname="com.yzt.testcase.IPSTest">
        <skipped/>
    </testcase> <!-- pickUpTest -->
    <testcase name="uploadToSignTest" time="0.0" classname="com.yzt.testcase.IPSTest">
        <skipped/>
    </testcase> <!-- uploadToSignTest -->
    <testcase name="signTest" time="0.0" classname="com.yzt.testcase.IPSTest">
        <skipped/>
    </testcase> <!-- signTest -->
    <testcase name="orderBindWaybillListPageTest" time="1.027" classname="com.yzt.testcase.order.OrderTest">
        <failure type="java.lang.AssertionError" message="expected [200] but found []">
            <![CDATA[java.lang.AssertionError: expected [200] but found []
at utils.AssertUtil.AssertResponeResultCode(AssertUtil.java:26)
at com.yzt.testcase.order.OrderTest.orderBindWaybillListPageTest(OrderTest.java:52)
... Removed 41 stack frames]]>
        </failure>
    </testcase> <!-- orderBindWaybillListPageTest -->
    <testcase name="queryOrderListPageTest" time="1.025" classname="com.yzt.testcase.order.OrderTest">
        <failure type="java.lang.AssertionError" message="expected [200] but found []">
            <![CDATA[java.lang.AssertionError: expected [200] but found []
at utils.AssertUtil.AssertResponeResultCode(AssertUtil.java:26)
at com.yzt.testcase.order.OrderTest.queryOrderListPageTest(OrderTest.java:38)
... Removed 41 stack frames]]>
        </failure>
    </testcase> <!-- queryOrderListPageTest -->
    <testcase name="queryOrderByIdTest" time="0.0" classname="com.yzt.testcase.order.OrderTest">
        <ignored/>
    </testcase> <!-- queryOrderByIdTest -->
    <testcase name="orderRefuseTest" time="0.0" classname="com.yzt.testcase.order.OrderTest">
        <ignored/>
    </testcase> <!-- orderRefuseTest -->
    <testcase name="queryWaybillByIdTest" time="0.0" classname="com.yzt.testcase.order.OrderTest">
        <ignored/>
    </testcase> <!-- queryWaybillByIdTest -->
    <testcase name="getOrderDetailsTest" time="0.0" classname="com.yzt.testcase.order.OrderTest">
        <ignored/>
    </testcase> <!-- getOrderDetailsTest -->
</testsuite> <!-- Command line test -->
