<?xml version="1.0" encoding="UTF-8" ?>
<testsuite tests="15" failures="3" name="TestSuite" time="6.354" errors="0" skipped="12">
  <properties>
[...]
</properties>
  <testcase classname="com.yzt.testcase.IPSTest" name="loginTest" time="0.329">
    <failure message="登录失败，请确认登录账户有效性！" type="exception.customsException">exception.customsException: 登录失败，请确认登录账户有效性！
	at com.yzt.service.IPSService.login(IPSService.java:60)
	at com.yzt.service.IPSService$$EnhancerByCGLIB$$e8497cd2.CGLIB$login$11(&lt;generated&gt;)
	at com.yzt.service.IPSService$$EnhancerByCGLIB$$e8497cd2$$FastClassByCGLIB$$f6190cce.invoke(&lt;generated&gt;)
	at net.sf.cglib.proxy.MethodProxy.invokeSuper(MethodProxy.java:228)
	at com.test.framework.LogProxyFactory.intercept(LogProxyFactory.java:40)
	at com.yzt.service.IPSService$$EnhancerByCGLIB$$e8497cd2.login(&lt;generated&gt;)
	at com.yzt.testcase.IPSTest.loginTest(IPSTest.java:37)
</failure>
    <system-out>Configuring TestNG with: org.apache.maven.surefire.testng.conf.TestNG652Configurator@2ff5659e
</system-out>
  </testcase>
  <testcase classname="com.yzt.testcase.IPSTest" name="findTaskInstallTest" time="0.33">
    <skipped/>
  </testcase>
  <testcase classname="com.yzt.testcase.IPSTest" name="taskCountTest" time="0.33">
    <skipped/>
  </testcase>
  <testcase classname="com.yzt.testcase.IPSTest" name="findMetaTest" time="0.33">
    <skipped/>
  </testcase>
  <testcase classname="com.yzt.testcase.IPSTest" name="findTaskFeeTest" time="0.33">
    <skipped/>
  </testcase>
  <testcase classname="com.yzt.testcase.IPSTest" name="trunkEndTest" time="0.33">
    <skipped/>
  </testcase>
  <testcase classname="com.yzt.testcase.IPSTest" name="queryUserJztTest" time="0.33">
    <skipped/>
  </testcase>
  <testcase classname="com.yzt.testcase.IPSTest" name="saveTaskTraceTest" time="0.33">
    <skipped/>
  </testcase>
  <testcase classname="com.yzt.testcase.IPSTest" name="batDisWorkerTest" time="0.33">
    <skipped/>
  </testcase>
  <testcase classname="com.yzt.testcase.IPSTest" name="appointmentTest" time="0.331">
    <skipped/>
  </testcase>
  <testcase classname="com.yzt.testcase.IPSTest" name="pickUpTest" time="0.331">
    <skipped/>
  </testcase>
  <testcase classname="com.yzt.testcase.IPSTest" name="uploadToSignTest" time="0.331">
    <skipped/>
  </testcase>
  <testcase classname="com.yzt.testcase.IPSTest" name="signTest" time="0.331">
    <skipped/>
  </testcase>
  <testcase classname="com.yzt.testcase.order.OrderTest" name="orderBindWaybillListPageTest" time="1.03">
    <failure message="expected [200] but found []" type="java.lang.AssertionError">java.lang.AssertionError: expected [200] but found []
	at org.testng.Assert.fail(Assert.java:96)
	at org.testng.Assert.failNotEquals(Assert.java:776)
	at org.testng.Assert.assertEqualsImpl(Assert.java:137)
	at org.testng.Assert.assertEquals(Assert.java:118)
	at org.testng.Assert.assertEquals(Assert.java:453)
	at org.testng.Assert.assertEquals(Assert.java:463)
	at utils.AssertUtil.AssertResponeResultCode(AssertUtil.java:26)
	at com.yzt.testcase.order.OrderTest.orderBindWaybillListPageTest(OrderTest.java:52)
</failure>
    <system-err>org.apache.http.conn.HttpHostConnectException: Connect to 192.168.100.45:7777 [/192.168.100.45] failed: Connection refused: connect
	at org.apache.http.impl.conn.DefaultHttpClientConnectionOperator.connect(DefaultHttpClientConnectionOperator.java:159)
	at org.apache.http.impl.conn.PoolingHttpClientConnectionManager.connect(PoolingHttpClientConnectionManager.java:373)
	at org.apache.http.impl.execchain.MainClientExec.establishRoute(MainClientExec.java:381)
	at org.apache.http.impl.execchain.MainClientExec.execute(MainClientExec.java:237)
	at org.apache.http.impl.execchain.ProtocolExec.execute(ProtocolExec.java:185)
	at org.apache.http.impl.execchain.RetryExec.execute(RetryExec.java:89)
	at org.apache.http.impl.execchain.RedirectExec.execute(RedirectExec.java:111)
	at org.apache.http.impl.client.InternalHttpClient.doExecute(InternalHttpClient.java:185)
	at org.apache.http.impl.client.CloseableHttpClient.execute(CloseableHttpClient.java:83)
	at org.apache.http.impl.client.CloseableHttpClient.execute(CloseableHttpClient.java:108)
	at org.apache.http.impl.client.CloseableHttpClient.execute(CloseableHttpClient.java:56)
	at utils.HttpHelper$HttpRequest.request(HttpHelper.java:273)
	at com.yzt.service.OrderService.queryOrderListPage(OrderService.java:47)
	at com.yzt.service.OrderService$$EnhancerByCGLIB$$4a1dd9c.CGLIB$queryOrderListPage$3(&lt;generated&gt;)
	at com.yzt.service.OrderService$$EnhancerByCGLIB$$4a1dd9c$$FastClassByCGLIB$$e748e810.invoke(&lt;generated&gt;)
	at net.sf.cglib.proxy.MethodProxy.invokeSuper(MethodProxy.java:228)
	at com.test.framework.LogProxyFactory.intercept(LogProxyFactory.java:40)
	at com.yzt.service.OrderService$$EnhancerByCGLIB$$4a1dd9c.queryOrderListPage(&lt;generated&gt;)
	at com.yzt.testcase.order.OrderTest.orderBindWaybillListPageTest(OrderTest.java:51)
	at sun.reflect.NativeMethodAccessorImpl.invoke0(Native Method)
	at sun.reflect.NativeMethodAccessorImpl.invoke(NativeMethodAccessorImpl.java:62)
	at sun.reflect.DelegatingMethodAccessorImpl.invoke(DelegatingMethodAccessorImpl.java:43)
	at java.lang.reflect.Method.invoke(Method.java:498)
	at org.testng.internal.MethodInvocationHelper.invokeMethod(MethodInvocationHelper.java:124)
	at org.testng.internal.Invoker.invokeMethod(Invoker.java:580)
	at org.testng.internal.Invoker.invokeTestMethod(Invoker.java:716)
	at org.testng.internal.Invoker.invokeTestMethods(Invoker.java:988)
	at org.testng.internal.TestMethodWorker.invokeTestMethods(TestMethodWorker.java:125)
	at org.testng.internal.TestMethodWorker.run(TestMethodWorker.java:109)
	at org.testng.TestRunner.privateRun(TestRunner.java:648)
	at org.testng.TestRunner.run(TestRunner.java:505)
	at org.testng.SuiteRunner.runTest(SuiteRunner.java:455)
	at org.testng.SuiteRunner.runSequentially(SuiteRunner.java:450)
	at org.testng.SuiteRunner.privateRun(SuiteRunner.java:415)
	at org.testng.SuiteRunner.run(SuiteRunner.java:364)
	at org.testng.SuiteRunnerWorker.runSuite(SuiteRunnerWorker.java:52)
	at org.testng.SuiteRunnerWorker.run(SuiteRunnerWorker.java:84)
	at org.testng.TestNG.runSuitesSequentially(TestNG.java:1208)
	at org.testng.TestNG.runSuitesLocally(TestNG.java:1137)
	at org.testng.TestNG.runSuites(TestNG.java:1049)
	at org.testng.TestNG.run(TestNG.java:1017)
	at org.apache.maven.surefire.testng.TestNGExecutor.run(TestNGExecutor.java:77)
	at org.apache.maven.surefire.testng.TestNGDirectoryTestSuite.executeMulti(TestNGDirectoryTestSuite.java:159)
	at org.apache.maven.surefire.testng.TestNGDirectoryTestSuite.execute(TestNGDirectoryTestSuite.java:99)
	at org.apache.maven.surefire.testng.TestNGProvider.invoke(TestNGProvider.java:106)
	at sun.reflect.NativeMethodAccessorImpl.invoke0(Native Method)
	at sun.reflect.NativeMethodAccessorImpl.invoke(NativeMethodAccessorImpl.java:62)
	at sun.reflect.DelegatingMethodAccessorImpl.invoke(DelegatingMethodAccessorImpl.java:43)
	at java.lang.reflect.Method.invoke(Method.java:498)
	at org.apache.maven.surefire.util.ReflectionUtils.invokeMethodWithArray(ReflectionUtils.java:189)
	at org.apache.maven.surefire.booter.ProviderFactory$ProviderProxy.invoke(ProviderFactory.java:165)
	at org.apache.maven.surefire.booter.ProviderFactory.invokeProvider(ProviderFactory.java:85)
	at org.apache.maven.surefire.booter.ForkedBooter.runSuitesInProcess(ForkedBooter.java:115)
	at org.apache.maven.surefire.booter.ForkedBooter.main(ForkedBooter.java:75)
Caused by: java.net.ConnectException: Connection refused: connect
	at java.net.DualStackPlainSocketImpl.waitForConnect(Native Method)
	at java.net.DualStackPlainSocketImpl.socketConnect(DualStackPlainSocketImpl.java:85)
	at java.net.AbstractPlainSocketImpl.doConnect(AbstractPlainSocketImpl.java:350)
	at java.net.AbstractPlainSocketImpl.connectToAddress(AbstractPlainSocketImpl.java:206)
	at java.net.AbstractPlainSocketImpl.connect(AbstractPlainSocketImpl.java:188)
	at java.net.PlainSocketImpl.connect(PlainSocketImpl.java:172)
	at java.net.SocksSocketImpl.connect(SocksSocketImpl.java:392)
	at java.net.Socket.connect(Socket.java:589)
	at org.apache.http.conn.socket.PlainConnectionSocketFactory.connectSocket(PlainConnectionSocketFactory.java:75)
	at org.apache.http.impl.conn.DefaultHttpClientConnectionOperator.connect(DefaultHttpClientConnectionOperator.java:142)
	... 53 more
</system-err>
  </testcase>
  <testcase classname="com.yzt.testcase.order.OrderTest" name="queryOrderListPageTest" time="1.031">
    <failure message="expected [200] but found []" type="java.lang.AssertionError">java.lang.AssertionError: expected [200] but found []
	at org.testng.Assert.fail(Assert.java:96)
	at org.testng.Assert.failNotEquals(Assert.java:776)
	at org.testng.Assert.assertEqualsImpl(Assert.java:137)
	at org.testng.Assert.assertEquals(Assert.java:118)
	at org.testng.Assert.assertEquals(Assert.java:453)
	at org.testng.Assert.assertEquals(Assert.java:463)
	at utils.AssertUtil.AssertResponeResultCode(AssertUtil.java:26)
	at com.yzt.testcase.order.OrderTest.queryOrderListPageTest(OrderTest.java:38)
</failure>
    <system-err>org.apache.http.conn.HttpHostConnectException: Connect to 192.168.100.45:7777 [/192.168.100.45] failed: Connection refused: connect
	at org.apache.http.impl.conn.DefaultHttpClientConnectionOperator.connect(DefaultHttpClientConnectionOperator.java:159)
	at org.apache.http.impl.conn.PoolingHttpClientConnectionManager.connect(PoolingHttpClientConnectionManager.java:373)
	at org.apache.http.impl.execchain.MainClientExec.establishRoute(MainClientExec.java:381)
	at org.apache.http.impl.execchain.MainClientExec.execute(MainClientExec.java:237)
	at org.apache.http.impl.execchain.ProtocolExec.execute(ProtocolExec.java:185)
	at org.apache.http.impl.execchain.RetryExec.execute(RetryExec.java:89)
	at org.apache.http.impl.execchain.RedirectExec.execute(RedirectExec.java:111)
	at org.apache.http.impl.client.InternalHttpClient.doExecute(InternalHttpClient.java:185)
	at org.apache.http.impl.client.CloseableHttpClient.execute(CloseableHttpClient.java:83)
	at org.apache.http.impl.client.CloseableHttpClient.execute(CloseableHttpClient.java:108)
	at org.apache.http.impl.client.CloseableHttpClient.execute(CloseableHttpClient.java:56)
	at utils.HttpHelper$HttpRequest.request(HttpHelper.java:273)
	at com.yzt.service.OrderService.queryOrderListPage(OrderService.java:47)
	at com.yzt.service.OrderService$$EnhancerByCGLIB$$4a1dd9c.CGLIB$queryOrderListPage$3(&lt;generated&gt;)
	at com.yzt.service.OrderService$$EnhancerByCGLIB$$4a1dd9c$$FastClassByCGLIB$$e748e810.invoke(&lt;generated&gt;)
	at net.sf.cglib.proxy.MethodProxy.invokeSuper(MethodProxy.java:228)
	at com.test.framework.LogProxyFactory.intercept(LogProxyFactory.java:40)
	at com.yzt.service.OrderService$$EnhancerByCGLIB$$4a1dd9c.queryOrderListPage(&lt;generated&gt;)
	at com.yzt.testcase.order.OrderTest.queryOrderListPageTest(OrderTest.java:37)
	at sun.reflect.NativeMethodAccessorImpl.invoke0(Native Method)
	at sun.reflect.NativeMethodAccessorImpl.invoke(NativeMethodAccessorImpl.java:62)
	at sun.reflect.DelegatingMethodAccessorImpl.invoke(DelegatingMethodAccessorImpl.java:43)
	at java.lang.reflect.Method.invoke(Method.java:498)
	at org.testng.internal.MethodInvocationHelper.invokeMethod(MethodInvocationHelper.java:124)
	at org.testng.internal.Invoker.invokeMethod(Invoker.java:580)
	at org.testng.internal.Invoker.invokeTestMethod(Invoker.java:716)
	at org.testng.internal.Invoker.invokeTestMethods(Invoker.java:988)
	at org.testng.internal.TestMethodWorker.invokeTestMethods(TestMethodWorker.java:125)
	at org.testng.internal.TestMethodWorker.run(TestMethodWorker.java:109)
	at org.testng.TestRunner.privateRun(TestRunner.java:648)
	at org.testng.TestRunner.run(TestRunner.java:505)
	at org.testng.SuiteRunner.runTest(SuiteRunner.java:455)
	at org.testng.SuiteRunner.runSequentially(SuiteRunner.java:450)
	at org.testng.SuiteRunner.privateRun(SuiteRunner.java:415)
	at org.testng.SuiteRunner.run(SuiteRunner.java:364)
	at org.testng.SuiteRunnerWorker.runSuite(SuiteRunnerWorker.java:52)
	at org.testng.SuiteRunnerWorker.run(SuiteRunnerWorker.java:84)
	at org.testng.TestNG.runSuitesSequentially(TestNG.java:1208)
	at org.testng.TestNG.runSuitesLocally(TestNG.java:1137)
	at org.testng.TestNG.runSuites(TestNG.java:1049)
	at org.testng.TestNG.run(TestNG.java:1017)
	at org.apache.maven.surefire.testng.TestNGExecutor.run(TestNGExecutor.java:77)
	at org.apache.maven.surefire.testng.TestNGDirectoryTestSuite.executeMulti(TestNGDirectoryTestSuite.java:159)
	at org.apache.maven.surefire.testng.TestNGDirectoryTestSuite.execute(TestNGDirectoryTestSuite.java:99)
	at org.apache.maven.surefire.testng.TestNGProvider.invoke(TestNGProvider.java:106)
	at sun.reflect.NativeMethodAccessorImpl.invoke0(Native Method)
	at sun.reflect.NativeMethodAccessorImpl.invoke(NativeMethodAccessorImpl.java:62)
	at sun.reflect.DelegatingMethodAccessorImpl.invoke(DelegatingMethodAccessorImpl.java:43)
	at java.lang.reflect.Method.invoke(Method.java:498)
	at org.apache.maven.surefire.util.ReflectionUtils.invokeMethodWithArray(ReflectionUtils.java:189)
	at org.apache.maven.surefire.booter.ProviderFactory$ProviderProxy.invoke(ProviderFactory.java:165)
	at org.apache.maven.surefire.booter.ProviderFactory.invokeProvider(ProviderFactory.java:85)
	at org.apache.maven.surefire.booter.ForkedBooter.runSuitesInProcess(ForkedBooter.java:115)
	at org.apache.maven.surefire.booter.ForkedBooter.main(ForkedBooter.java:75)
Caused by: java.net.ConnectException: Connection refused: connect
	at java.net.DualStackPlainSocketImpl.waitForConnect(Native Method)
	at java.net.DualStackPlainSocketImpl.socketConnect(DualStackPlainSocketImpl.java:85)
	at java.net.AbstractPlainSocketImpl.doConnect(AbstractPlainSocketImpl.java:350)
	at java.net.AbstractPlainSocketImpl.connectToAddress(AbstractPlainSocketImpl.java:206)
	at java.net.AbstractPlainSocketImpl.connect(AbstractPlainSocketImpl.java:188)
	at java.net.PlainSocketImpl.connect(PlainSocketImpl.java:172)
	at java.net.SocksSocketImpl.connect(SocksSocketImpl.java:392)
	at java.net.Socket.connect(Socket.java:589)
	at org.apache.http.conn.socket.PlainConnectionSocketFactory.connectSocket(PlainConnectionSocketFactory.java:75)
	at org.apache.http.impl.conn.DefaultHttpClientConnectionOperator.connect(DefaultHttpClientConnectionOperator.java:142)
	... 53 more
</system-err>
  </testcase>
</testsuite>