<?xml version="1.0" encoding="UTF-8"?>
<!-- Generated by org.testng.reporters.JUnitXMLReporter -->
<testsuite hostname="DESKTOP-G2FMAHC" ignored="4" name="SCM2.0" tests="2" failures="0" timestamp="08 四月 2018 06:28:33 GMT" time="0.901" errors="0">
  <testcase name="orderBindWaybillListPageTest" time="0.338" classname="com.yzt.testcase.order.OrderTest"/>
  <testcase name="queryOrderListPageTest" time="0.008" classname="com.yzt.testcase.order.OrderTest"/>
  <testcase name="queryOrderByIdTest" time="0.0" classname="com.yzt.testcase.order.OrderTest">
    <ignored/>
  </testcase> <!-- queryOrderByIdTest -->
  <testcase name="orderRefuseTest" time="0.0" classname="com.yzt.testcase.order.OrderTest">
    <ignored/>
  </testcase> <!-- orderRefuseTest -->
  <testcase name="queryWaybillByIdTest" time="0.0" classname="com.yzt.testcase.order.OrderTest">
    <ignored/>
  </testcase> <!-- queryWaybillByIdTest -->
  <testcase name="getOrderDetailsTest" time="0.0" classname="com.yzt.testcase.order.OrderTest">
    <ignored/>
  </testcase> <!-- getOrderDetailsTest -->
</testsuite> <!-- SCM2.0 -->
