<?xml version="1.0" encoding="UTF-8"?>
<testng-results skipped="0" failed="0" ignored="1" total="13" passed="12">
  <reporter-output>
  </reporter-output>
  <suite name="SCM2.0 Test Suite" duration-ms="4776" started-at="2018-03-21T03:30:36Z" finished-at="2018-03-21T03:30:41Z">
    <groups>
    </groups>
    <test name="IPSTest" duration-ms="4776" started-at="2018-03-21T03:30:36Z" finished-at="2018-03-21T03:30:41Z">
      <class name="com.yzt.testcase.IPSTest">
        <test-method status="PASS" signature="loginTest(java.lang.String)[pri:0, instance:com.yzt.testcase.IPSTest@43814d18]" name="loginTest" duration-ms="365" started-at="2018-03-21T03:30:37Z" data-provider="testData" finished-at="2018-03-21T03:30:37Z">
          <params>
            <param index="0">
              <value>
                <![CDATA[{
  "source": "core",
  "mobile": "17576075478",
  "password": "525241"
}]]>
              </value>
            </param>
          </params>
          <reporter-output>
          </reporter-output>
        </test-method> <!-- loginTest -->
        <test-method status="PASS" signature="findTaskInstallTest(java.lang.String)[pri:0, instance:com.yzt.testcase.IPSTest@43814d18]" name="findTaskInstallTest" duration-ms="143" started-at="2018-03-21T03:30:37Z" data-provider="testData" depends-on-methods="com.yzt.testcase.IPSTest.loginTest" finished-at="2018-03-21T03:30:37Z">
          <params>
            <param index="0">
              <value>
                <![CDATA[{
  "name": "taskInstallController.findTaskInstall",
  "token": "null",
  "args": [
    {
      "first": 0,
      "rows": 10
    },
    {
      "taskStatus": "All",
      "dateType": "All",
      "trunkSts": "All",
      "beginDate": null,
      "endDate": null,
      "isNormalSign": "All",
      "waybillId": "1zt003000001"
    }
  ]
}]]>
              </value>
            </param>
          </params>
          <reporter-output>
          </reporter-output>
        </test-method> <!-- findTaskInstallTest -->
        <test-method status="PASS" signature="findMetaTest(java.lang.String)[pri:0, instance:com.yzt.testcase.IPSTest@43814d18]" name="findMetaTest" duration-ms="87" started-at="2018-03-21T03:30:37Z" data-provider="testData" depends-on-methods="com.yzt.testcase.IPSTest.findTaskInstallTest" finished-at="2018-03-21T03:30:37Z">
          <params>
            <param index="0">
              <value>
                <![CDATA[{
  "name": "commonController.findMeta",
  "token": "null",
  "args": [
    {
      "first": 0,
      "rows": 9999
    },
    {
      "type": "AbnormalCause"
    }
  ]
}]]>
              </value>
            </param>
          </params>
          <reporter-output>
          </reporter-output>
        </test-method> <!-- findMetaTest -->
        <test-method status="PASS" signature="trunkEndTest(java.lang.String)[pri:0, instance:com.yzt.testcase.IPSTest@43814d18]" name="trunkEndTest" duration-ms="104" started-at="2018-03-21T03:30:37Z" data-provider="testData" depends-on-methods="com.yzt.testcase.IPSTest.findTaskInstallTest" finished-at="2018-03-21T03:30:37Z">
          <params>
            <param index="0">
              <value>
                <![CDATA[{
  "name": "taskInstallController.trunkEnd",
  "token": "null",
  "args": [
    {
      "taskIds": [
        "WIYu1Bqd0lUBQh3H"
      ],
      "pickUpTel": "18222222222",
      "pickUpCode": "1qaz",
      "pickUpAddress": "128号",
      "logisticsBill": "1qaz2wsx3edc",
      "addrCode": "110101001000",
      "abnoSource": "ips"
    }
  ]
}]]>
              </value>
            </param>
          </params>
          <reporter-output>
          </reporter-output>
        </test-method> <!-- trunkEndTest -->
        <test-method status="PASS" signature="findTaskFeeTest(java.lang.String)[pri:0, instance:com.yzt.testcase.IPSTest@43814d18]" name="findTaskFeeTest" duration-ms="157" started-at="2018-03-21T03:30:38Z" data-provider="testData" depends-on-methods="com.yzt.testcase.IPSTest.findTaskInstallTest" finished-at="2018-03-21T03:30:38Z">
          <params>
            <param index="0">
              <value>
                <![CDATA[{
  "name": "taskInstallController.findTaskFee",
  "token": "null",
  "args": [
    {
      "waybillId": "1zt003000003"
    }
  ]
}]]>
              </value>
            </param>
          </params>
          <reporter-output>
          </reporter-output>
        </test-method> <!-- findTaskFeeTest -->
        <test-method status="PASS" signature="saveTaskTraceTest(java.lang.String)[pri:0, instance:com.yzt.testcase.IPSTest@43814d18]" name="saveTaskTraceTest" duration-ms="93" started-at="2018-03-21T03:30:38Z" data-provider="testData" depends-on-methods="com.yzt.testcase.IPSTest.findMetaTest" finished-at="2018-03-21T03:30:38Z">
          <params>
            <param index="0">
              <value>
                <![CDATA[{
  "name": "taskTraceController.saveTaskTrace",
  "token": "null",
  "args": [
    {
      "TrackType": "task",
      "id": "WIYHd7Wd0lUBQhjR",
      "nextTrack": true,
      "nextTrackDate": "2018-03-12T04:52:35.436Z",
      "trackContent": "跟踪测试",
      "abnormalCauseId": "V6S8jz0g2NZOqcu0"
    }
  ]
}]]>
              </value>
            </param>
          </params>
          <reporter-output>
          </reporter-output>
        </test-method> <!-- saveTaskTraceTest -->
        <test-method status="PASS" signature="queryUserJztTest(java.lang.String)[pri:0, instance:com.yzt.testcase.IPSTest@43814d18]" name="queryUserJztTest" duration-ms="1944" started-at="2018-03-21T03:30:38Z" data-provider="testData" depends-on-methods="com.yzt.testcase.IPSTest.findTaskFeeTest" finished-at="2018-03-21T03:30:40Z">
          <params>
            <param index="0">
              <value>
                <![CDATA[{
  "name": "taskInstallController.queryUserJzt",
  "token": "null",
  "args": [
    {
      "first": 0,
      "rows": 5
    },
    {
      "areaCode": "110101000000"
    }
  ]
}]]>
              </value>
            </param>
          </params>
          <reporter-output>
          </reporter-output>
        </test-method> <!-- queryUserJztTest -->
        <test-method status="PASS" signature="batDisWorkerTest(java.lang.String)[pri:0, instance:com.yzt.testcase.IPSTest@43814d18]" name="batDisWorkerTest" duration-ms="95" started-at="2018-03-21T03:30:40Z" data-provider="testData" depends-on-methods="com.yzt.testcase.IPSTest.queryUserJztTest" finished-at="2018-03-21T03:30:40Z">
          <params>
            <param index="0">
              <value>
                <![CDATA[{
  "name": "taskInstallController.batDisWorker",
  "token": "null",
  "args": [
    {
      "disWorkerReqs": [
        {
          "dis": true,
          "taskId": "WIY4q42d0lUBQh4L",
          "workerId": "V15m-udoWkkwUQje",
          "branchFee": 99,
          "installFee": 0,
          "mediateFee": 0
        }
      ]
    }
  ]
}]]>
              </value>
            </param>
          </params>
          <reporter-output>
          </reporter-output>
        </test-method> <!-- batDisWorkerTest -->
        <test-method status="PASS" signature="appointmentTest(java.lang.String)[pri:0, instance:com.yzt.testcase.IPSTest@43814d18]" name="appointmentTest" duration-ms="398" started-at="2018-03-21T03:30:40Z" data-provider="testData" depends-on-methods="com.yzt.testcase.IPSTest.batDisWorkerTest" finished-at="2018-03-21T03:30:40Z">
          <params>
            <param index="0">
              <value>
                <![CDATA[{
  "name": "taskInstallController.appointment",
  "token": "null",
  "args": [
    {
      "taskId": "WIY4q42d0lUBQh4L",
      "appointmentTime": "2018-03-14T06:51:28.928Z",
      "timeInterval": "Afternoon"
    }
  ]
}]]>
              </value>
            </param>
          </params>
          <reporter-output>
          </reporter-output>
        </test-method> <!-- appointmentTest -->
        <test-method status="PASS" signature="pickUpTest(java.lang.String)[pri:0, instance:com.yzt.testcase.IPSTest@43814d18]" name="pickUpTest" duration-ms="82" started-at="2018-03-21T03:30:40Z" data-provider="testData" depends-on-methods="com.yzt.testcase.IPSTest.appointmentTest" finished-at="2018-03-21T03:30:40Z">
          <params>
            <param index="0">
              <value>
                <![CDATA[{
  "name": "taskInstallController.pickUp",
  "token": "null",
  "args": [
    {
      "taskId": "WIY4q42d0lUBQh4L"
    }
  ]
}]]>
              </value>
            </param>
          </params>
          <reporter-output>
          </reporter-output>
        </test-method> <!-- pickUpTest -->
        <test-method status="PASS" signature="uploadToSignTest()[pri:0, instance:com.yzt.testcase.IPSTest@43814d18]" name="uploadToSignTest" duration-ms="275" started-at="2018-03-21T03:30:40Z" depends-on-methods="com.yzt.testcase.IPSTest.pickUpTest" finished-at="2018-03-21T03:30:41Z">
          <reporter-output>
          </reporter-output>
        </test-method> <!-- uploadToSignTest -->
        <test-method status="PASS" signature="signTest(java.lang.String)[pri:0, instance:com.yzt.testcase.IPSTest@43814d18]" name="signTest" duration-ms="86" started-at="2018-03-21T03:30:41Z" data-provider="testData" depends-on-methods="com.yzt.testcase.IPSTest.uploadToSignTest" finished-at="2018-03-21T03:30:41Z">
          <params>
            <param index="0">
              <value>
                <![CDATA[{
  "name": "taskInstallController.sign",
  "token": "null",
  "args": [
    {
      "taskId": "",
      "signer": "tester2",
      "signStatus": "normal",
      "describe": "测试测试测试测试测试测试",
      "files": [
        "WIjfrsKd0lUorsus"
      ],
      "taskSignPlatFormType": "ips"
    }
  ]
}]]>
              </value>
            </param>
          </params>
          <reporter-output>
          </reporter-output>
        </test-method> <!-- signTest -->
      </class> <!-- com.yzt.testcase.IPSTest -->
    </test> <!-- IPSTest -->
  </suite> <!-- SCM2.0 Test Suite -->
</testng-results>
