<?xml version="1.0" encoding="UTF-8"?>
<testng-results skipped="0" failed="0" ignored="0" total="1" passed="1">
  <reporter-output>
  </reporter-output>
  <suite name="Default suite" duration-ms="737" started-at="2018-03-21T07:21:29Z" finished-at="2018-03-21T07:21:30Z">
    <groups>
    </groups>
    <test name="Default test" duration-ms="737" started-at="2018-03-21T07:21:29Z" finished-at="2018-03-21T07:21:30Z">
      <class name="com.yzt.testcase.order.OrderTest">
        <test-method status="PASS" signature="queryWaybillByIdTest(java.lang.String)[pri:0, instance:com.yzt.testcase.order.OrderTest@51c8530f]" name="queryWaybillByIdTest" duration-ms="314" started-at="2018-03-21T07:21:29Z" data-provider="testData" finished-at="2018-03-21T07:21:30Z">
          <params>
            <param index="0">
              <value>
                <![CDATA[[
  {
    "waybillId": "1zt000002"
  }
]]]>
              </value>
            </param>
          </params>
          <reporter-output>
          </reporter-output>
        </test-method> <!-- queryWaybillByIdTest -->
      </class> <!-- com.yzt.testcase.order.OrderTest -->
    </test> <!-- Default test -->
  </suite> <!-- Default suite -->
</testng-results>
