<?xml version="1.0" encoding="UTF-8"?>
<testng-results skipped="0" failed="0" ignored="11" total="13" passed="2">
  <reporter-output>
  </reporter-output>
  <suite name="Default suite" duration-ms="18420" started-at="2018-03-20T08:25:09Z" finished-at="2018-03-20T08:25:28Z">
    <groups>
    </groups>
    <test name="Default test" duration-ms="18420" started-at="2018-03-20T08:25:09Z" finished-at="2018-03-20T08:25:28Z">
      <class name="com.yzt.testcase.IPSTest">
        <test-method status="PASS" signature="loginTest(java.lang.String)[pri:0, instance:com.yzt.testcase.IPSTest@cb51256]" name="loginTest" duration-ms="359" started-at="2018-03-20T08:25:10Z" data-provider="testData" finished-at="2018-03-20T08:25:10Z">
          <params>
            <param index="0">
              <value>
                <![CDATA[{
  "source": "core",
  "mobile": "17576075478",
  "password": "525241"
}]]>
              </value>
            </param>
          </params>
          <reporter-output>
          </reporter-output>
        </test-method> <!-- loginTest -->
        <test-method status="PASS" signature="taskCountTest(java.lang.String)[pri:0, instance:com.yzt.testcase.IPSTest@cb51256]" name="taskCountTest" duration-ms="17555" started-at="2018-03-20T08:25:10Z" data-provider="testData" depends-on-methods="com.yzt.testcase.IPSTest.loginTest" finished-at="2018-03-20T08:25:28Z">
          <params>
            <param index="0">
              <value>
                <![CDATA[{"name": "taskInstallController.getNodeTypeCount","token": null,"args": []}]]>
              </value>
            </param>
          </params>
          <reporter-output>
          </reporter-output>
        </test-method> <!-- taskCountTest -->
      </class> <!-- com.yzt.testcase.IPSTest -->
    </test> <!-- Default test -->
  </suite> <!-- Default suite -->
</testng-results>
