<?xml version="1.0" encoding="UTF-8"?>
<testsuite name="IPSTest"
           tests="12"
           failures="0"
           errors="0"
           skipped="0"
           time="3.900">
  <properties />
  
  
            <testcase name="batDisWorkerTest" time="0.068" classname="com.yzt.testcase.IPSTest" />
                <testcase name="appointmentTest" time="0.081" classname="com.yzt.testcase.IPSTest" />
                <testcase name="findMetaTest" time="0.074" classname="com.yzt.testcase.IPSTest" />
                <testcase name="loginTest" time="1.735" classname="com.yzt.testcase.IPSTest" />
                <testcase name="trunkEndTest" time="0.078" classname="com.yzt.testcase.IPSTest" />
                <testcase name="findTaskFeeTest" time="0.079" classname="com.yzt.testcase.IPSTest" />
                <testcase name="signTest" time="0.071" classname="com.yzt.testcase.IPSTest" />
                <testcase name="uploadToSignTest" time="0.282" classname="com.yzt.testcase.IPSTest" />
                <testcase name="findTaskInstallTest" time="0.116" classname="com.yzt.testcase.IPSTest" />
                <testcase name="pickUpTest" time="0.068" classname="com.yzt.testcase.IPSTest" />
                <testcase name="queryUserJztTest" time="1.187" classname="com.yzt.testcase.IPSTest" />
                <testcase name="saveTaskTraceTest" time="0.061" classname="com.yzt.testcase.IPSTest" />
      
</testsuite>
